{"C:/Users/Administrator/AppData/Local/Temp/deploy-20250818090826/private/src/index.ts": {"path":"C:/Users/Administrator/AppData/Local/Temp/deploy-20250818090826/private/src/index.ts","statementMap":{"0":{"start":{"line":29,"column":2},"end":{"line":29,"column":null}},"1":{"start":{"line":33,"column":2},"end":{"line":33,"column":null}},"2":{"start":{"line":37,"column":2},"end":{"line":37,"column":null}},"3":{"start":{"line":41,"column":18},"end":{"line":41,"column":null}},"4":{"start":{"line":42,"column":2},"end":{"line":42,"column":null}},"5":{"start":{"line":46,"column":14},"end":{"line":46,"column":null}},"6":{"start":{"line":47,"column":19},"end":{"line":47,"column":null}},"7":{"start":{"line":48,"column":2},"end":{"line":51,"column":null}},"8":{"start":{"line":49,"column":3},"end":{"line":49,"column":null}},"9":{"start":{"line":50,"column":3},"end":{"line":50,"column":null}},"10":{"start":{"line":55,"column":2},"end":{"line":87,"column":null}},"11":{"start":{"line":56,"column":15},"end":{"line":56,"column":null}},"12":{"start":{"line":57,"column":26},"end":{"line":57,"column":null}},"13":{"start":{"line":59,"column":18},"end":{"line":59,"column":null}},"14":{"start":{"line":62,"column":46},"end":{"line":62,"column":null}},"15":{"start":{"line":64,"column":3},"end":{"line":71,"column":null}},"16":{"start":{"line":65,"column":21},"end":{"line":65,"column":null}},"17":{"start":{"line":66,"column":22},"end":{"line":66,"column":null}},"18":{"start":{"line":68,"column":4},"end":{"line":70,"column":null}},"19":{"start":{"line":69,"column":5},"end":{"line":69,"column":null}},"20":{"start":{"line":74,"column":3},"end":{"line":84,"column":null}},"21":{"start":{"line":75,"column":4},"end":{"line":75,"column":null}},"22":{"start":{"line":78,"column":4},"end":{"line":83,"column":null}},"23":{"start":{"line":79,"column":22},"end":{"line":79,"column":null}},"24":{"start":{"line":80,"column":5},"end":{"line":82,"column":null}},"25":{"start":{"line":86,"column":3},"end":{"line":86,"column":null}},"26":{"start":{"line":91,"column":17},"end":{"line":91,"column":null}},"27":{"start":{"line":93,"column":17},"end":{"line":98,"column":null}},"28":{"start":{"line":100,"column":19},"end":{"line":105,"column":null}},"29":{"start":{"line":107,"column":2},"end":{"line":109,"column":null}},"30":{"start":{"line":108,"column":3},"end":{"line":108,"column":null}},"31":{"start":{"line":111,"column":15},"end":{"line":111,"column":null}},"32":{"start":{"line":113,"column":25},"end":{"line":113,"column":null}},"33":{"start":{"line":114,"column":2},"end":{"line":128,"column":null}},"34":{"start":{"line":115,"column":27},"end":{"line":115,"column":64}},"35":{"start":{"line":116,"column":25},"end":{"line":128,"column":5}},"36":{"start":{"line":132,"column":20},"end":{"line":132,"column":null}},"37":{"start":{"line":133,"column":26},"end":{"line":133,"column":null}},"38":{"start":{"line":133,"column":49},"end":{"line":133,"column":59}},"39":{"start":{"line":135,"column":2},"end":{"line":135,"column":null}},"40":{"start":{"line":139,"column":20},"end":{"line":139,"column":null}},"41":{"start":{"line":140,"column":26},"end":{"line":140,"column":null}},"42":{"start":{"line":140,"column":49},"end":{"line":140,"column":59}},"43":{"start":{"line":142,"column":2},"end":{"line":142,"column":null}},"44":{"start":{"line":146,"column":2},"end":{"line":146,"column":null}},"45":{"start":{"line":146,"column":27},"end":{"line":146,"column":null}},"46":{"start":{"line":149,"column":19},"end":{"line":164,"column":null}},"47":{"start":{"line":150,"column":3},"end":{"line":163,"column":null}},"48":{"start":{"line":152,"column":5},"end":{"line":154,"column":null}},"49":{"start":{"line":153,"column":6},"end":{"line":153,"column":null}},"50":{"start":{"line":156,"column":5},"end":{"line":158,"column":null}},"51":{"start":{"line":157,"column":6},"end":{"line":157,"column":null}},"52":{"start":{"line":161,"column":5},"end":{"line":161,"column":null}},"53":{"start":{"line":162,"column":5},"end":{"line":162,"column":null}},"54":{"start":{"line":166,"column":2},"end":{"line":166,"column":null}},"55":{"start":{"line":202,"column":19},"end":{"line":211,"column":null}},"56":{"start":{"line":213,"column":2},"end":{"line":215,"column":null}},"57":{"start":{"line":214,"column":3},"end":{"line":214,"column":null}},"58":{"start":{"line":219,"column":24},"end":{"line":222,"column":null}},"59":{"start":{"line":220,"column":3},"end":{"line":220,"column":null}},"60":{"start":{"line":221,"column":3},"end":{"line":221,"column":null}},"61":{"start":{"line":224,"column":22},"end":{"line":226,"column":null}},"62":{"start":{"line":225,"column":29},"end":{"line":225,"column":64}},"63":{"start":{"line":228,"column":24},"end":{"line":243,"column":null}},"64":{"start":{"line":246,"column":24},"end":{"line":246,"column":null}},"65":{"start":{"line":247,"column":2},"end":{"line":264,"column":null}},"66":{"start":{"line":248,"column":3},"end":{"line":250,"column":null}},"67":{"start":{"line":251,"column":3},"end":{"line":263,"column":null}},"68":{"start":{"line":266,"column":2},"end":{"line":276,"column":null}},"69":{"start":{"line":267,"column":3},"end":{"line":275,"column":null}},"70":{"start":{"line":278,"column":18},"end":{"line":281,"column":null}},"71":{"start":{"line":283,"column":19},"end":{"line":287,"column":null}},"72":{"start":{"line":289,"column":2},"end":{"line":291,"column":null}},"73":{"start":{"line":290,"column":3},"end":{"line":290,"column":null}},"74":{"start":{"line":345,"column":30},"end":{"line":347,"column":null}},"75":{"start":{"line":348,"column":2},"end":{"line":348,"column":null}},"76":{"start":{"line":349,"column":2},"end":{"line":349,"column":null}},"77":{"start":{"line":353,"column":30},"end":{"line":355,"column":null}},"78":{"start":{"line":356,"column":2},"end":{"line":356,"column":null}},"79":{"start":{"line":361,"column":30},"end":{"line":363,"column":null}},"80":{"start":{"line":364,"column":44},"end":{"line":368,"column":null}},"81":{"start":{"line":369,"column":2},"end":{"line":369,"column":null}},"82":{"start":{"line":370,"column":2},"end":{"line":370,"column":null}},"83":{"start":{"line":375,"column":30},"end":{"line":377,"column":null}},"84":{"start":{"line":378,"column":2},"end":{"line":378,"column":null}},"85":{"start":{"line":379,"column":2},"end":{"line":379,"column":null}},"86":{"start":{"line":384,"column":30},"end":{"line":386,"column":null}},"87":{"start":{"line":387,"column":2},"end":{"line":387,"column":null}},"88":{"start":{"line":388,"column":2},"end":{"line":388,"column":null}},"89":{"start":{"line":393,"column":30},"end":{"line":395,"column":null}},"90":{"start":{"line":396,"column":2},"end":{"line":396,"column":null}},"91":{"start":{"line":397,"column":20},"end":{"line":397,"column":null}},"92":{"start":{"line":398,"column":26},"end":{"line":398,"column":null}},"93":{"start":{"line":398,"column":49},"end":{"line":398,"column":59}},"94":{"start":{"line":399,"column":2},"end":{"line":399,"column":null}},"95":{"start":{"line":404,"column":15},"end":{"line":404,"column":null}},"96":{"start":{"line":405,"column":17},"end":{"line":410,"column":null}},"97":{"start":{"line":407,"column":22},"end":{"line":407,"column":null}},"98":{"start":{"line":408,"column":4},"end":{"line":408,"column":null}},"99":{"start":{"line":411,"column":2},"end":{"line":411,"column":null}},"100":{"start":{"line":411,"column":74},"end":{"line":411,"column":84}},"101":{"start":{"line":415,"column":14},"end":{"line":415,"column":null}},"102":{"start":{"line":416,"column":14},"end":{"line":416,"column":null}},"103":{"start":{"line":417,"column":14},"end":{"line":417,"column":null}},"104":{"start":{"line":418,"column":30},"end":{"line":418,"column":null}},"105":{"start":{"line":421,"column":2},"end":{"line":424,"column":null}},"106":{"start":{"line":422,"column":21},"end":{"line":422,"column":null}},"107":{"start":{"line":423,"column":3},"end":{"line":423,"column":null}},"108":{"start":{"line":426,"column":2},"end":{"line":432,"column":null}},"109":{"start":{"line":427,"column":42},"end":{"line":427,"column":null}},"110":{"start":{"line":428,"column":3},"end":{"line":428,"column":null}},"111":{"start":{"line":429,"column":3},"end":{"line":429,"column":null}},"112":{"start":{"line":430,"column":3},"end":{"line":430,"column":null}},"113":{"start":{"line":431,"column":3},"end":{"line":431,"column":null}},"114":{"start":{"line":434,"column":2},"end":{"line":438,"column":null}},"115":{"start":{"line":435,"column":14},"end":{"line":435,"column":null}},"116":{"start":{"line":436,"column":3},"end":{"line":436,"column":null}},"117":{"start":{"line":437,"column":3},"end":{"line":437,"column":null}},"118":{"start":{"line":440,"column":2},"end":{"line":445,"column":null}},"119":{"start":{"line":441,"column":14},"end":{"line":441,"column":null}},"120":{"start":{"line":442,"column":16},"end":{"line":442,"column":null}},"121":{"start":{"line":443,"column":3},"end":{"line":443,"column":null}},"122":{"start":{"line":444,"column":3},"end":{"line":444,"column":null}},"123":{"start":{"line":448,"column":2},"end":{"line":451,"column":null}},"124":{"start":{"line":449,"column":3},"end":{"line":449,"column":null}},"125":{"start":{"line":450,"column":3},"end":{"line":450,"column":null}},"126":{"start":{"line":453,"column":2},"end":{"line":453,"column":null}},"127":{"start":{"line":457,"column":14},"end":{"line":457,"column":null}},"128":{"start":{"line":458,"column":30},"end":{"line":458,"column":null}},"129":{"start":{"line":459,"column":2},"end":{"line":459,"column":null}}},"fnMap":{"0":{"name":"(anonymous_0)","decl":{"start":{"line":28,"column":1},"end":{"line":28,"column":13}},"loc":{"start":{"line":28,"column":48},"end":{"line":30,"column":null}}},"1":{"name":"(anonymous_1)","decl":{"start":{"line":32,"column":1},"end":{"line":32,"column":7}},"loc":{"start":{"line":32,"column":66},"end":{"line":34,"column":null}}},"2":{"name":"(anonymous_2)","decl":{"start":{"line":36,"column":1},"end":{"line":36,"column":7}},"loc":{"start":{"line":36,"column":49},"end":{"line":38,"column":null}}},"3":{"name":"(anonymous_3)","decl":{"start":{"line":40,"column":1},"end":{"line":40,"column":7}},"loc":{"start":{"line":40,"column":55},"end":{"line":43,"column":null}}},"4":{"name":"(anonymous_4)","decl":{"start":{"line":45,"column":1},"end":{"line":45,"column":7}},"loc":{"start":{"line":45,"column":67},"end":{"line":52,"column":null}}},"5":{"name":"(anonymous_5)","decl":{"start":{"line":54,"column":1},"end":{"line":54,"column":7}},"loc":{"start":{"line":54,"column":53},"end":{"line":88,"column":null}}},"6":{"name":"(anonymous_6)","decl":{"start":{"line":90,"column":1},"end":{"line":90,"column":15}},"loc":{"start":{"line":90,"column":93},"end":{"line":129,"column":null}}},"7":{"name":"(anonymous_7)","decl":{"start":{"line":115,"column":11},"end":{"line":115,"column":12}},"loc":{"start":{"line":115,"column":27},"end":{"line":115,"column":64}}},"8":{"name":"(anonymous_8)","decl":{"start":{"line":116,"column":8},"end":{"line":116,"column":9}},"loc":{"start":{"line":116,"column":25},"end":{"line":128,"column":5}}},"9":{"name":"(anonymous_9)","decl":{"start":{"line":131,"column":1},"end":{"line":131,"column":7}},"loc":{"start":{"line":131,"column":62},"end":{"line":136,"column":null}}},"10":{"name":"(anonymous_10)","decl":{"start":{"line":133,"column":43},"end":{"line":133,"column":49}},"loc":{"start":{"line":133,"column":49},"end":{"line":133,"column":59}}},"11":{"name":"(anonymous_11)","decl":{"start":{"line":138,"column":1},"end":{"line":138,"column":7}},"loc":{"start":{"line":138,"column":70},"end":{"line":143,"column":null}}},"12":{"name":"(anonymous_12)","decl":{"start":{"line":140,"column":43},"end":{"line":140,"column":49}},"loc":{"start":{"line":140,"column":49},"end":{"line":140,"column":59}}},"13":{"name":"(anonymous_13)","decl":{"start":{"line":145,"column":1},"end":{"line":145,"column":15}},"loc":{"start":{"line":145,"column":111},"end":{"line":167,"column":null}}},"14":{"name":"(anonymous_14)","decl":{"start":{"line":149,"column":33},"end":{"line":149,"column":45}},"loc":{"start":{"line":149,"column":45},"end":{"line":164,"column":3}}},"15":{"name":"(anonymous_15)","decl":{"start":{"line":152,"column":63},"end":{"line":152,"column":null}},"loc":{"start":{"line":153,"column":6},"end":{"line":153,"column":null}}},"16":{"name":"(anonymous_16)","decl":{"start":{"line":156,"column":61},"end":{"line":156,"column":null}},"loc":{"start":{"line":157,"column":6},"end":{"line":157,"column":null}}},"17":{"name":"(anonymous_17)","decl":{"start":{"line":201,"column":1},"end":{"line":201,"column":15}},"loc":{"start":{"line":201,"column":85},"end":{"line":216,"column":null}}},"18":{"name":"(anonymous_18)","decl":{"start":{"line":218,"column":1},"end":{"line":218,"column":15}},"loc":{"start":{"line":218,"column":83},"end":{"line":292,"column":null}}},"19":{"name":"(anonymous_19)","decl":{"start":{"line":219,"column":38},"end":{"line":219,"column":39}},"loc":{"start":{"line":219,"column":54},"end":{"line":222,"column":5}}},"20":{"name":"(anonymous_20)","decl":{"start":{"line":225,"column":8},"end":{"line":225,"column":9}},"loc":{"start":{"line":225,"column":29},"end":{"line":225,"column":64}}},"21":{"name":"(anonymous_21)","decl":{"start":{"line":247,"column":24},"end":{"line":247,"column":25}},"loc":{"start":{"line":247,"column":42},"end":{"line":264,"column":3}}},"22":{"name":"(anonymous_22)","decl":{"start":{"line":344,"column":1},"end":{"line":344,"column":7}},"loc":{"start":{"line":344,"column":77},"end":{"line":350,"column":null}}},"23":{"name":"(anonymous_23)","decl":{"start":{"line":352,"column":1},"end":{"line":352,"column":7}},"loc":{"start":{"line":352,"column":59},"end":{"line":357,"column":null}}},"24":{"name":"(anonymous_24)","decl":{"start":{"line":360,"column":1},"end":{"line":360,"column":7}},"loc":{"start":{"line":360,"column":108},"end":{"line":371,"column":null}}},"25":{"name":"(anonymous_25)","decl":{"start":{"line":374,"column":1},"end":{"line":374,"column":7}},"loc":{"start":{"line":374,"column":65},"end":{"line":380,"column":null}}},"26":{"name":"(anonymous_26)","decl":{"start":{"line":383,"column":1},"end":{"line":383,"column":7}},"loc":{"start":{"line":383,"column":83},"end":{"line":389,"column":null}}},"27":{"name":"(anonymous_27)","decl":{"start":{"line":392,"column":1},"end":{"line":392,"column":7}},"loc":{"start":{"line":392,"column":108},"end":{"line":400,"column":null}}},"28":{"name":"(anonymous_28)","decl":{"start":{"line":398,"column":43},"end":{"line":398,"column":49}},"loc":{"start":{"line":398,"column":49},"end":{"line":398,"column":59}}},"29":{"name":"(anonymous_29)","decl":{"start":{"line":403,"column":1},"end":{"line":403,"column":7}},"loc":{"start":{"line":403,"column":102},"end":{"line":412,"column":null}}},"30":{"name":"(anonymous_30)","decl":{"start":{"line":406,"column":17},"end":{"line":406,"column":24}},"loc":{"start":{"line":406,"column":32},"end":{"line":409,"column":4}}},"31":{"name":"(anonymous_31)","decl":{"start":{"line":411,"column":23},"end":{"line":411,"column":24}},"loc":{"start":{"line":411,"column":74},"end":{"line":411,"column":84}}},"32":{"name":"(anonymous_32)","decl":{"start":{"line":414,"column":1},"end":{"line":414,"column":7}},"loc":{"start":{"line":414,"column":50},"end":{"line":454,"column":null}}},"33":{"name":"(anonymous_33)","decl":{"start":{"line":456,"column":1},"end":{"line":456,"column":7}},"loc":{"start":{"line":456,"column":65},"end":{"line":460,"column":null}}}},"branchMap":{"0":{"loc":{"start":{"line":48,"column":2},"end":{"line":51,"column":null}},"type":"if","locations":[{"start":{"line":48,"column":2},"end":{"line":51,"column":null}},{"start":{},"end":{}}]},"1":{"loc":{"start":{"line":68,"column":4},"end":{"line":70,"column":null}},"type":"if","locations":[{"start":{"line":68,"column":4},"end":{"line":70,"column":null}},{"start":{},"end":{}}]},"2":{"loc":{"start":{"line":74,"column":3},"end":{"line":84,"column":null}},"type":"if","locations":[{"start":{"line":74,"column":3},"end":{"line":84,"column":null}},{"start":{},"end":{}}]},"3":{"loc":{"start":{"line":107,"column":2},"end":{"line":109,"column":null}},"type":"if","locations":[{"start":{"line":107,"column":2},"end":{"line":109,"column":null}},{"start":{},"end":{}}]},"4":{"loc":{"start":{"line":127,"column":14},"end":{"line":127,"column":null}},"type":"binary-expr","locations":[{"start":{"line":127,"column":14},"end":{"line":127,"column":36}},{"start":{"line":127,"column":36},"end":{"line":127,"column":null}}]},"5":{"loc":{"start":{"line":146,"column":2},"end":{"line":146,"column":null}},"type":"if","locations":[{"start":{"line":146,"column":2},"end":{"line":146,"column":null}},{"start":{},"end":{}}]},"6":{"loc":{"start":{"line":150,"column":3},"end":{"line":163,"column":null}},"type":"switch","locations":[{"start":{"line":151,"column":4},"end":{"line":154,"column":null}},{"start":{"line":155,"column":4},"end":{"line":158,"column":null}},{"start":{"line":159,"column":4},"end":{"line":162,"column":null}}]},"7":{"loc":{"start":{"line":213,"column":2},"end":{"line":215,"column":null}},"type":"if","locations":[{"start":{"line":213,"column":2},"end":{"line":215,"column":null}},{"start":{},"end":{}}]},"8":{"loc":{"start":{"line":220,"column":24},"end":{"line":220,"column":50}},"type":"binary-expr","locations":[{"start":{"line":220,"column":24},"end":{"line":220,"column":45}},{"start":{"line":220,"column":45},"end":{"line":220,"column":50}}]},"9":{"loc":{"start":{"line":266,"column":2},"end":{"line":276,"column":null}},"type":"if","locations":[{"start":{"line":266,"column":2},"end":{"line":276,"column":null}},{"start":{},"end":{}}]},"10":{"loc":{"start":{"line":289,"column":2},"end":{"line":291,"column":null}},"type":"if","locations":[{"start":{"line":289,"column":2},"end":{"line":291,"column":null}},{"start":{},"end":{}}]},"11":{"loc":{"start":{"line":403,"column":26},"end":{"line":403,"column":102}},"type":"default-arg","locations":[{"start":{"line":403,"column":42},"end":{"line":403,"column":102}}]},"12":{"loc":{"start":{"line":408,"column":11},"end":{"line":408,"column":null}},"type":"cond-expr","locations":[{"start":{"line":408,"column":23},"end":{"line":408,"column":90}},{"start":{"line":408,"column":90},"end":{"line":408,"column":null}}]},"13":{"loc":{"start":{"line":421,"column":2},"end":{"line":424,"column":null}},"type":"if","locations":[{"start":{"line":421,"column":2},"end":{"line":424,"column":null}},{"start":{},"end":{}}]},"14":{"loc":{"start":{"line":421,"column":6},"end":{"line":421,"column":69}},"type":"binary-expr","locations":[{"start":{"line":421,"column":6},"end":{"line":421,"column":43}},{"start":{"line":421,"column":43},"end":{"line":421,"column":69}}]},"15":{"loc":{"start":{"line":426,"column":2},"end":{"line":432,"column":null}},"type":"if","locations":[{"start":{"line":426,"column":2},"end":{"line":432,"column":null}},{"start":{},"end":{}}]},"16":{"loc":{"start":{"line":426,"column":6},"end":{"line":426,"column":70}},"type":"binary-expr","locations":[{"start":{"line":426,"column":6},"end":{"line":426,"column":43}},{"start":{"line":426,"column":43},"end":{"line":426,"column":70}}]},"17":{"loc":{"start":{"line":434,"column":2},"end":{"line":438,"column":null}},"type":"if","locations":[{"start":{"line":434,"column":2},"end":{"line":438,"column":null}},{"start":{},"end":{}}]},"18":{"loc":{"start":{"line":434,"column":6},"end":{"line":434,"column":81}},"type":"binary-expr","locations":[{"start":{"line":434,"column":6},"end":{"line":434,"column":52}},{"start":{"line":434,"column":52},"end":{"line":434,"column":81}}]},"19":{"loc":{"start":{"line":440,"column":2},"end":{"line":445,"column":null}},"type":"if","locations":[{"start":{"line":440,"column":2},"end":{"line":445,"column":null}},{"start":{},"end":{}}]},"20":{"loc":{"start":{"line":440,"column":6},"end":{"line":440,"column":115}},"type":"binary-expr","locations":[{"start":{"line":440,"column":6},"end":{"line":440,"column":52}},{"start":{"line":440,"column":52},"end":{"line":440,"column":88}},{"start":{"line":440,"column":88},"end":{"line":440,"column":115}}]},"21":{"loc":{"start":{"line":448,"column":2},"end":{"line":451,"column":null}},"type":"if","locations":[{"start":{"line":448,"column":2},"end":{"line":451,"column":null}},{"start":{},"end":{}}]},"22":{"loc":{"start":{"line":448,"column":6},"end":{"line":448,"column":73}},"type":"binary-expr","locations":[{"start":{"line":448,"column":6},"end":{"line":448,"column":46}},{"start":{"line":448,"column":46},"end":{"line":448,"column":73}}]}},"s":{"0":48,"1":47,"2":9,"3":35,"4":35,"5":7,"6":7,"7":7,"8":6,"9":6,"10":17,"11":17,"12":17,"13":17,"14":5,"15":5,"16":4,"17":4,"18":4,"19":3,"20":5,"21":3,"22":3,"23":3,"24":3,"25":12,"26":17,"27":17,"28":17,"29":16,"30":1,"31":15,"32":5,"33":5,"34":4,"35":4,"36":10,"37":10,"38":14,"39":10,"40":5,"41":5,"42":5,"43":5,"44":15,"45":1,"46":14,"47":16,"48":11,"49":3,"50":4,"51":1,"52":1,"53":1,"54":14,"55":11,"56":9,"57":1,"58":4,"59":10,"60":10,"61":4,"62":5,"63":4,"64":4,"65":4,"66":8,"67":8,"68":4,"69":1,"70":4,"71":4,"72":4,"73":1,"74":1,"75":1,"76":1,"77":3,"78":3,"79":6,"80":6,"81":6,"82":6,"83":5,"84":5,"85":5,"86":1,"87":1,"88":1,"89":1,"90":1,"91":1,"92":1,"93":1,"94":1,"95":2,"96":2,"97":2,"98":2,"99":2,"100":2,"101":23,"102":23,"103":23,"104":23,"105":23,"106":3,"107":3,"108":20,"109":13,"110":13,"111":13,"112":13,"113":13,"114":7,"115":2,"116":2,"117":2,"118":5,"119":2,"120":2,"121":2,"122":2,"123":3,"124":2,"125":2,"126":1,"127":3,"128":3,"129":3},"f":{"0":48,"1":47,"2":9,"3":35,"4":7,"5":17,"6":17,"7":4,"8":4,"9":10,"10":14,"11":5,"12":5,"13":15,"14":16,"15":3,"16":1,"17":11,"18":4,"19":10,"20":5,"21":8,"22":1,"23":3,"24":6,"25":5,"26":1,"27":1,"28":1,"29":2,"30":2,"31":2,"32":23,"33":3},"b":{"0":[6,1],"1":[3,1],"2":[3,2],"3":[1,15],"4":[4,1],"5":[1,14],"6":[11,4,1],"7":[1,8],"8":[10,5],"9":[1,3],"10":[1,3],"11":[1],"12":[1,1],"13":[3,20],"14":[23,16],"15":[13,7],"16":[20,13],"17":[2,5],"18":[7,4],"19":[2,3],"20":[5,2,2],"21":[2,1],"22":[3,2]}}
}
