{"C:/Users/Administrator/AppData/Local/Temp/deploy-20250815024343/private/src/index.ts": {"path":"C:/Users/Administrator/AppData/Local/Temp/deploy-20250815024343/private/src/index.ts","statementMap":{"0":{"start":{"line":29,"column":2},"end":{"line":29,"column":null}},"1":{"start":{"line":33,"column":2},"end":{"line":33,"column":null}},"2":{"start":{"line":37,"column":2},"end":{"line":37,"column":null}},"3":{"start":{"line":41,"column":18},"end":{"line":41,"column":null}},"4":{"start":{"line":42,"column":2},"end":{"line":42,"column":null}},"5":{"start":{"line":46,"column":14},"end":{"line":46,"column":null}},"6":{"start":{"line":47,"column":19},"end":{"line":47,"column":null}},"7":{"start":{"line":48,"column":2},"end":{"line":51,"column":null}},"8":{"start":{"line":49,"column":3},"end":{"line":49,"column":null}},"9":{"start":{"line":50,"column":3},"end":{"line":50,"column":null}},"10":{"start":{"line":55,"column":2},"end":{"line":74,"column":null}},"11":{"start":{"line":56,"column":15},"end":{"line":56,"column":null}},"12":{"start":{"line":57,"column":26},"end":{"line":57,"column":null}},"13":{"start":{"line":59,"column":18},"end":{"line":59,"column":null}},"14":{"start":{"line":61,"column":3},"end":{"line":71,"column":null}},"15":{"start":{"line":62,"column":21},"end":{"line":62,"column":null}},"16":{"start":{"line":63,"column":22},"end":{"line":63,"column":null}},"17":{"start":{"line":65,"column":4},"end":{"line":70,"column":null}},"18":{"start":{"line":66,"column":5},"end":{"line":66,"column":null}},"19":{"start":{"line":67,"column":5},"end":{"line":69,"column":null}},"20":{"start":{"line":73,"column":3},"end":{"line":73,"column":null}},"21":{"start":{"line":78,"column":17},"end":{"line":78,"column":null}},"22":{"start":{"line":80,"column":17},"end":{"line":85,"column":null}},"23":{"start":{"line":87,"column":19},"end":{"line":92,"column":null}},"24":{"start":{"line":94,"column":2},"end":{"line":96,"column":null}},"25":{"start":{"line":95,"column":3},"end":{"line":95,"column":null}},"26":{"start":{"line":98,"column":15},"end":{"line":98,"column":null}},"27":{"start":{"line":100,"column":2},"end":{"line":118,"column":null}},"28":{"start":{"line":102,"column":4},"end":{"line":104,"column":null}},"29":{"start":{"line":106,"column":25},"end":{"line":118,"column":5}},"30":{"start":{"line":122,"column":20},"end":{"line":122,"column":null}},"31":{"start":{"line":123,"column":26},"end":{"line":123,"column":null}},"32":{"start":{"line":123,"column":49},"end":{"line":123,"column":59}},"33":{"start":{"line":125,"column":19},"end":{"line":129,"column":null}},"34":{"start":{"line":126,"column":3},"end":{"line":128,"column":null}},"35":{"start":{"line":127,"column":4},"end":{"line":127,"column":null}},"36":{"start":{"line":131,"column":2},"end":{"line":131,"column":null}},"37":{"start":{"line":135,"column":2},"end":{"line":146,"column":null}},"38":{"start":{"line":137,"column":4},"end":{"line":137,"column":null}},"39":{"start":{"line":138,"column":4},"end":{"line":138,"column":null}},"40":{"start":{"line":140,"column":4},"end":{"line":140,"column":null}},"41":{"start":{"line":141,"column":4},"end":{"line":141,"column":null}},"42":{"start":{"line":144,"column":4},"end":{"line":144,"column":null}},"43":{"start":{"line":145,"column":4},"end":{"line":145,"column":null}},"44":{"start":{"line":150,"column":19},"end":{"line":158,"column":null}},"45":{"start":{"line":160,"column":2},"end":{"line":162,"column":null}},"46":{"start":{"line":161,"column":3},"end":{"line":161,"column":null}},"47":{"start":{"line":166,"column":18},"end":{"line":197,"column":null}},"48":{"start":{"line":199,"column":19},"end":{"line":203,"column":null}},"49":{"start":{"line":205,"column":2},"end":{"line":207,"column":null}},"50":{"start":{"line":206,"column":3},"end":{"line":206,"column":null}},"51":{"start":{"line":214,"column":14},"end":{"line":214,"column":null}},"52":{"start":{"line":215,"column":30},"end":{"line":215,"column":null}},"53":{"start":{"line":218,"column":2},"end":{"line":221,"column":null}},"54":{"start":{"line":219,"column":21},"end":{"line":219,"column":null}},"55":{"start":{"line":220,"column":3},"end":{"line":220,"column":null}},"56":{"start":{"line":223,"column":2},"end":{"line":229,"column":null}},"57":{"start":{"line":224,"column":42},"end":{"line":224,"column":null}},"58":{"start":{"line":225,"column":3},"end":{"line":225,"column":null}},"59":{"start":{"line":226,"column":3},"end":{"line":226,"column":null}},"60":{"start":{"line":227,"column":3},"end":{"line":227,"column":null}},"61":{"start":{"line":228,"column":3},"end":{"line":228,"column":null}},"62":{"start":{"line":231,"column":2},"end":{"line":235,"column":null}},"63":{"start":{"line":232,"column":14},"end":{"line":232,"column":null}},"64":{"start":{"line":233,"column":3},"end":{"line":233,"column":null}},"65":{"start":{"line":234,"column":3},"end":{"line":234,"column":null}},"66":{"start":{"line":237,"column":2},"end":{"line":242,"column":null}},"67":{"start":{"line":238,"column":14},"end":{"line":238,"column":null}},"68":{"start":{"line":239,"column":16},"end":{"line":239,"column":null}},"69":{"start":{"line":240,"column":3},"end":{"line":240,"column":null}},"70":{"start":{"line":241,"column":3},"end":{"line":241,"column":null}},"71":{"start":{"line":245,"column":2},"end":{"line":248,"column":null}},"72":{"start":{"line":246,"column":3},"end":{"line":246,"column":null}},"73":{"start":{"line":247,"column":3},"end":{"line":247,"column":null}},"74":{"start":{"line":250,"column":2},"end":{"line":250,"column":null}},"75":{"start":{"line":254,"column":30},"end":{"line":254,"column":null}},"76":{"start":{"line":255,"column":2},"end":{"line":255,"column":null}}},"fnMap":{"0":{"name":"(anonymous_0)","decl":{"start":{"line":28,"column":1},"end":{"line":28,"column":13}},"loc":{"start":{"line":28,"column":48},"end":{"line":30,"column":null}}},"1":{"name":"(anonymous_1)","decl":{"start":{"line":32,"column":1},"end":{"line":32,"column":7}},"loc":{"start":{"line":32,"column":66},"end":{"line":34,"column":null}}},"2":{"name":"(anonymous_2)","decl":{"start":{"line":36,"column":1},"end":{"line":36,"column":7}},"loc":{"start":{"line":36,"column":49},"end":{"line":38,"column":null}}},"3":{"name":"(anonymous_3)","decl":{"start":{"line":40,"column":1},"end":{"line":40,"column":7}},"loc":{"start":{"line":40,"column":55},"end":{"line":43,"column":null}}},"4":{"name":"(anonymous_4)","decl":{"start":{"line":45,"column":1},"end":{"line":45,"column":7}},"loc":{"start":{"line":45,"column":67},"end":{"line":52,"column":null}}},"5":{"name":"(anonymous_5)","decl":{"start":{"line":54,"column":1},"end":{"line":54,"column":7}},"loc":{"start":{"line":54,"column":53},"end":{"line":75,"column":null}}},"6":{"name":"(anonymous_6)","decl":{"start":{"line":77,"column":1},"end":{"line":77,"column":15}},"loc":{"start":{"line":77,"column":93},"end":{"line":119,"column":null}}},"7":{"name":"(anonymous_7)","decl":{"start":{"line":101,"column":11},"end":{"line":101,"column":12}},"loc":{"start":{"line":102,"column":4},"end":{"line":104,"column":null}}},"8":{"name":"(anonymous_8)","decl":{"start":{"line":106,"column":8},"end":{"line":106,"column":9}},"loc":{"start":{"line":106,"column":25},"end":{"line":118,"column":5}}},"9":{"name":"(anonymous_9)","decl":{"start":{"line":121,"column":1},"end":{"line":121,"column":7}},"loc":{"start":{"line":121,"column":62},"end":{"line":132,"column":null}}},"10":{"name":"(anonymous_10)","decl":{"start":{"line":123,"column":43},"end":{"line":123,"column":49}},"loc":{"start":{"line":123,"column":49},"end":{"line":123,"column":59}}},"11":{"name":"(anonymous_11)","decl":{"start":{"line":125,"column":39},"end":{"line":125,"column":null}},"loc":{"start":{"line":126,"column":3},"end":{"line":128,"column":null}}},"12":{"name":"(anonymous_12)","decl":{"start":{"line":126,"column":46},"end":{"line":126,"column":null}},"loc":{"start":{"line":127,"column":4},"end":{"line":127,"column":null}}},"13":{"name":"(anonymous_13)","decl":{"start":{"line":134,"column":1},"end":{"line":134,"column":15}},"loc":{"start":{"line":134,"column":99},"end":{"line":147,"column":null}}},"14":{"name":"(anonymous_14)","decl":{"start":{"line":149,"column":1},"end":{"line":149,"column":15}},"loc":{"start":{"line":149,"column":77},"end":{"line":163,"column":null}}},"15":{"name":"(anonymous_15)","decl":{"start":{"line":165,"column":1},"end":{"line":165,"column":15}},"loc":{"start":{"line":165,"column":75},"end":{"line":208,"column":null}}},"16":{"name":"(anonymous_16)","decl":{"start":{"line":213,"column":1},"end":{"line":213,"column":7}},"loc":{"start":{"line":213,"column":83},"end":{"line":251,"column":null}}},"17":{"name":"(anonymous_17)","decl":{"start":{"line":253,"column":1},"end":{"line":253,"column":7}},"loc":{"start":{"line":253,"column":98},"end":{"line":256,"column":null}}}},"branchMap":{"0":{"loc":{"start":{"line":48,"column":2},"end":{"line":51,"column":null}},"type":"if","locations":[{"start":{"line":48,"column":2},"end":{"line":51,"column":null}},{"start":{},"end":{}}]},"1":{"loc":{"start":{"line":65,"column":4},"end":{"line":70,"column":null}},"type":"if","locations":[{"start":{"line":65,"column":4},"end":{"line":70,"column":null}},{"start":{},"end":{}}]},"2":{"loc":{"start":{"line":94,"column":2},"end":{"line":96,"column":null}},"type":"if","locations":[{"start":{"line":94,"column":2},"end":{"line":96,"column":null}},{"start":{},"end":{}}]},"3":{"loc":{"start":{"line":102,"column":4},"end":{"line":104,"column":null}},"type":"binary-expr","locations":[{"start":{"line":102,"column":4},"end":{"line":102,"column":null}},{"start":{"line":103,"column":4},"end":{"line":103,"column":null}},{"start":{"line":104,"column":4},"end":{"line":104,"column":null}}]},"4":{"loc":{"start":{"line":117,"column":14},"end":{"line":117,"column":null}},"type":"binary-expr","locations":[{"start":{"line":117,"column":14},"end":{"line":117,"column":36}},{"start":{"line":117,"column":36},"end":{"line":117,"column":null}}]},"5":{"loc":{"start":{"line":135,"column":2},"end":{"line":146,"column":null}},"type":"switch","locations":[{"start":{"line":136,"column":3},"end":{"line":138,"column":null}},{"start":{"line":139,"column":3},"end":{"line":141,"column":null}},{"start":{"line":142,"column":3},"end":{"line":145,"column":null}}]},"6":{"loc":{"start":{"line":160,"column":2},"end":{"line":162,"column":null}},"type":"if","locations":[{"start":{"line":160,"column":2},"end":{"line":162,"column":null}},{"start":{},"end":{}}]},"7":{"loc":{"start":{"line":205,"column":2},"end":{"line":207,"column":null}},"type":"if","locations":[{"start":{"line":205,"column":2},"end":{"line":207,"column":null}},{"start":{},"end":{}}]},"8":{"loc":{"start":{"line":218,"column":2},"end":{"line":221,"column":null}},"type":"if","locations":[{"start":{"line":218,"column":2},"end":{"line":221,"column":null}},{"start":{},"end":{}}]},"9":{"loc":{"start":{"line":218,"column":6},"end":{"line":218,"column":69}},"type":"binary-expr","locations":[{"start":{"line":218,"column":6},"end":{"line":218,"column":43}},{"start":{"line":218,"column":43},"end":{"line":218,"column":69}}]},"10":{"loc":{"start":{"line":223,"column":2},"end":{"line":229,"column":null}},"type":"if","locations":[{"start":{"line":223,"column":2},"end":{"line":229,"column":null}},{"start":{},"end":{}}]},"11":{"loc":{"start":{"line":223,"column":6},"end":{"line":223,"column":70}},"type":"binary-expr","locations":[{"start":{"line":223,"column":6},"end":{"line":223,"column":43}},{"start":{"line":223,"column":43},"end":{"line":223,"column":70}}]},"12":{"loc":{"start":{"line":231,"column":2},"end":{"line":235,"column":null}},"type":"if","locations":[{"start":{"line":231,"column":2},"end":{"line":235,"column":null}},{"start":{},"end":{}}]},"13":{"loc":{"start":{"line":231,"column":6},"end":{"line":231,"column":81}},"type":"binary-expr","locations":[{"start":{"line":231,"column":6},"end":{"line":231,"column":52}},{"start":{"line":231,"column":52},"end":{"line":231,"column":81}}]},"14":{"loc":{"start":{"line":237,"column":2},"end":{"line":242,"column":null}},"type":"if","locations":[{"start":{"line":237,"column":2},"end":{"line":242,"column":null}},{"start":{},"end":{}}]},"15":{"loc":{"start":{"line":237,"column":6},"end":{"line":237,"column":115}},"type":"binary-expr","locations":[{"start":{"line":237,"column":6},"end":{"line":237,"column":52}},{"start":{"line":237,"column":52},"end":{"line":237,"column":88}},{"start":{"line":237,"column":88},"end":{"line":237,"column":115}}]},"16":{"loc":{"start":{"line":245,"column":2},"end":{"line":248,"column":null}},"type":"if","locations":[{"start":{"line":245,"column":2},"end":{"line":248,"column":null}},{"start":{},"end":{}}]},"17":{"loc":{"start":{"line":245,"column":6},"end":{"line":245,"column":73}},"type":"binary-expr","locations":[{"start":{"line":245,"column":6},"end":{"line":245,"column":46}},{"start":{"line":245,"column":46},"end":{"line":245,"column":73}}]}},"s":{"0":23,"1":17,"2":2,"3":15,"4":15,"5":4,"6":4,"7":4,"8":3,"9":3,"10":8,"11":8,"12":8,"13":8,"14":6,"15":5,"16":5,"17":5,"18":3,"19":3,"20":2,"21":8,"22":8,"23":8,"24":8,"25":1,"26":7,"27":6,"28":6,"29":5,"30":10,"31":10,"32":11,"33":10,"34":10,"35":3,"36":10,"37":10,"38":7,"39":5,"40":2,"41":1,"42":1,"43":1,"44":7,"45":6,"46":1,"47":2,"48":2,"49":2,"50":1,"51":8,"52":8,"53":8,"54":1,"55":1,"56":7,"57":3,"58":3,"59":3,"60":3,"61":3,"62":4,"63":1,"64":1,"65":1,"66":3,"67":1,"68":1,"69":1,"70":1,"71":2,"72":1,"73":1,"74":1,"75":1,"76":1},"f":{"0":23,"1":17,"2":2,"3":15,"4":4,"5":8,"6":8,"7":6,"8":5,"9":10,"10":11,"11":10,"12":3,"13":10,"14":7,"15":2,"16":8,"17":1},"b":{"0":[3,1],"1":[3,2],"2":[1,7],"3":[6,2,1],"4":[5,1],"5":[7,2,1],"6":[1,5],"7":[1,1],"8":[1,7],"9":[8,4],"10":[3,4],"11":[7,3],"12":[1,3],"13":[4,2],"14":[1,2],"15":[3,1,1],"16":[1,1],"17":[2,1]}}
}
